# JRE version: OpenJDK Runtime Environment (8.0_242-b01) (build 1.8.0_242-release-1644-b01)
# Java VM: OpenJDK 64-Bit Server VM (25.242-b01 mixed mode windows-amd64 compressed oops)
Heap:
 PSYoungGen      total 200192K, used 8731K [0x00000000e0000000, 0x00000000ed180000, 0x0000000100000000)
  eden space 188928K, 0% used [0x00000000e0000000,0x00000000e0000000,0x00000000eb880000)
  from space 11264K, 77% used [0x00000000ec680000,0x00000000ecf06f70,0x00000000ed180000)
  to   space 12800K, 0% used [0x00000000eb880000,0x00000000eb880000,0x00000000ec500000)
 ParOldGen       total 32256K, used 12537K [0x00000000a0000000, 0x00000000a1f80000, 0x00000000e0000000)
  object space 32256K, 38% used [0x00000000a0000000,0x00000000a0c3e778,0x00000000a1f80000)
 Metaspace       used 34596K, capacity 35462K, committed 35496K, reserved 1079296K
  class space    used 4754K, capacity 5034K, committed 5040K, reserved 1048576K
GC Heap History (10 events):
Event: 15.083 GC heap after
Heap after GC invocations=7 (full 0):
 PSYoungGen      total 71680K, used 7150K [0x00000000e0000000, 0x00000000e9100000, 0x0000000100000000)
  eden space 64512K, 0% used [0x00000000e0000000,0x00000000e0000000,0x00000000e3f00000)
  from space 7168K, 99% used [0x00000000e3f00000,0x00000000e45fb818,0x00000000e4600000)
  to   space 9728K, 0% used [0x00000000e8780000,0x00000000e8780000,0x00000000e9100000)
 ParOldGen       total 44032K, used 8171K [0x00000000a0000000, 0x00000000a2b00000, 0x00000000e0000000)
  object space 44032K, 18% used [0x00000000a0000000,0x00000000a07fafa8,0x00000000a2b00000)
 Metaspace       used 20570K, capacity 21228K, committed 21296K, reserved 1067008K
  class space    used 2875K, capacity 3084K, committed 3120K, reserved 1048576K
}
Event: 15.290 GC heap before
{Heap before GC invocations=8 (full 0):
 PSYoungGen      total 71680K, used 10234K [0x00000000e0000000, 0x00000000e9100000, 0x0000000100000000)
  eden space 64512K, 4% used [0x00000000e0000000,0x00000000e0303338,0x00000000e3f00000)
  from space 7168K, 99% used [0x00000000e3f00000,0x00000000e45fb818,0x00000000e4600000)
  to   space 9728K, 0% used [0x00000000e8780000,0x00000000e8780000,0x00000000e9100000)
 ParOldGen       total 44032K, used 8171K [0x00000000a0000000, 0x00000000a2b00000, 0x00000000e0000000)
  object space 44032K, 18% used [0x00000000a0000000,0x00000000a07fafa8,0x00000000a2b00000)
 Metaspace       used 20677K, capacity 21260K, committed 21296K, reserved 1067008K
  class space    used 2893K, capacity 3116K, committed 3120K, reserved 1048576K
Event: 15.318 GC heap after
Heap after GC invocations=8 (full 0):
 PSYoungGen      total 138752K, used 3908K [0x00000000e0000000, 0x00000000e9100000, 0x0000000100000000)
  eden space 129024K, 0% used [0x00000000e0000000,0x00000000e0000000,0x00000000e7e00000)
  from space 9728K, 40% used [0x00000000e8780000,0x00000000e8b51050,0x00000000e9100000)
  to   space 9728K, 0% used [0x00000000e7e00000,0x00000000e7e00000,0x00000000e8780000)
 ParOldGen       total 44032K, used 8803K [0x00000000a0000000, 0x00000000a2b00000, 0x00000000e0000000)
  object space 44032K, 19% used [0x00000000a0000000,0x00000000a0898fa8,0x00000000a2b00000)
 Metaspace       used 20677K, capacity 21260K, committed 21296K, reserved 1067008K
  class space    used 2893K, capacity 3116K, committed 3120K, reserved 1048576K
}
Event: 15.319 GC heap before
{Heap before GC invocations=9 (full 1):
 PSYoungGen      total 138752K, used 3908K [0x00000000e0000000, 0x00000000e9100000, 0x0000000100000000)
  eden space 129024K, 0% used [0x00000000e0000000,0x00000000e0000000,0x00000000e7e00000)
  from space 9728K, 40% used [0x00000000e8780000,0x00000000e8b51050,0x00000000e9100000)
  to   space 9728K, 0% used [0x00000000e7e00000,0x00000000e7e00000,0x00000000e8780000)
 ParOldGen       total 44032K, used 8803K [0x00000000a0000000, 0x00000000a2b00000, 0x00000000e0000000)
  object space 44032K, 19% used [0x00000000a0000000,0x00000000a0898fa8,0x00000000a2b00000)
 Metaspace       used 20677K, capacity 21260K, committed 21296K, reserved 1067008K
  class space    used 2893K, capacity 3116K, committed 3120K, reserved 1048576K
Event: 15.473 GC heap after
Heap after GC invocations=9 (full 1):
 PSYoungGen      total 138752K, used 0K [0x00000000e0000000, 0x00000000e9100000, 0x0000000100000000)
  eden space 129024K, 0% used [0x00000000e0000000,0x00000000e0000000,0x00000000e7e00000)
  from space 9728K, 0% used [0x00000000e8780000,0x00000000e8780000,0x00000000e9100000)
  to   space 9728K, 0% used [0x00000000e7e00000,0x00000000e7e00000,0x00000000e8780000)
 ParOldGen       total 32256K, used 8995K [0x00000000a0000000, 0x00000000a1f80000, 0x00000000e0000000)
  object space 32256K, 27% used [0x00000000a0000000,0x00000000a08c8c80,0x00000000a1f80000)
 Metaspace       used 20677K, capacity 21260K, committed 21296K, reserved 1067008K
  class space    used 2893K, capacity 3116K, committed 3120K, reserved 1048576K
}
Event: 33.550 GC heap before
{Heap before GC invocations=10 (full 1):
 PSYoungGen      total 138752K, used 129024K [0x00000000e0000000, 0x00000000e9100000, 0x0000000100000000)
  eden space 129024K, 100% used [0x00000000e0000000,0x00000000e7e00000,0x00000000e7e00000)
  from space 9728K, 0% used [0x00000000e8780000,0x00000000e8780000,0x00000000e9100000)
  to   space 9728K, 0% used [0x00000000e7e00000,0x00000000e7e00000,0x00000000e8780000)
 ParOldGen       total 32256K, used 8995K [0x00000000a0000000, 0x00000000a1f80000, 0x00000000e0000000)
  object space 32256K, 27% used [0x00000000a0000000,0x00000000a08c8c80,0x00000000a1f80000)
 Metaspace       used 32299K, capacity 32984K, committed 33072K, reserved 1077248K
  class space    used 4413K, capacity 4609K, committed 4656K, reserved 1048576K
Event: 33.590 GC heap after
Heap after GC invocations=10 (full 1):
 PSYoungGen      total 138752K, used 9717K [0x00000000e0000000, 0x00000000ed280000, 0x0000000100000000)
  eden space 129024K, 0% used [0x00000000e0000000,0x00000000e0000000,0x00000000e7e00000)
  from space 9728K, 99% used [0x00000000e7e00000,0x00000000e877d5e8,0x00000000e8780000)
  to   space 12288K, 0% used [0x00000000ec680000,0x00000000ec680000,0x00000000ed280000)
 ParOldGen       total 32256K, used 12529K [0x00000000a0000000, 0x00000000a1f80000, 0x00000000e0000000)
  object space 32256K, 38% used [0x00000000a0000000,0x00000000a0c3c778,0x00000000a1f80000)
 Metaspace       used 32299K, capacity 32984K, committed 33072K, reserved 1077248K
  class space    used 4413K, capacity 4609K, committed 4656K, reserved 1048576K
}
Event: 35.370 GC heap before
{Heap before GC invocations=11 (full 1):
 PSYoungGen      total 138752K, used 60415K [0x00000000e0000000, 0x00000000ed280000, 0x0000000100000000)
  eden space 129024K, 39% used [0x00000000e0000000,0x00000000e31828c8,0x00000000e7e00000)
  from space 9728K, 99% used [0x00000000e7e00000,0x00000000e877d5e8,0x00000000e8780000)
  to   space 12288K, 0% used [0x00000000ec680000,0x00000000ec680000,0x00000000ed280000)
 ParOldGen       total 32256K, used 12529K [0x00000000a0000000, 0x00000000a1f80000, 0x00000000e0000000)
  object space 32256K, 38% used [0x00000000a0000000,0x00000000a0c3c778,0x00000000a1f80000)
 Metaspace       used 34596K, capacity 35462K, committed 35496K, reserved 1079296K
  class space    used 4754K, capacity 5034K, committed 5040K, reserved 1048576K
Event: 35.400 GC heap after
Heap after GC invocations=11 (full 1):
 PSYoungGen      total 200192K, used 8731K [0x00000000e0000000, 0x00000000ed180000, 0x0000000100000000)
  eden space 188928K, 0% used [0x00000000e0000000,0x00000000e0000000,0x00000000eb880000)
  from space 11264K, 77% used [0x00000000ec680000,0x00000000ecf06f70,0x00000000ed180000)
  to   space 12800K, 0% used [0x00000000eb880000,0x00000000eb880000,0x00000000ec500000)
 ParOldGen       total 32256K, used 12537K [0x00000000a0000000, 0x00000000a1f80000, 0x00000000e0000000)
  object space 32256K, 38% used [0x00000000a0000000,0x00000000a0c3e778,0x00000000a1f80000)
 Metaspace       used 34596K, capacity 35462K, committed 35496K, reserved 1079296K
  class space    used 4754K, capacity 5034K, committed 5040K, reserved 1048576K
}
Event: 35.401 GC heap before
{Heap before GC invocations=12 (full 2):
 PSYoungGen      total 200192K, used 8731K [0x00000000e0000000, 0x00000000ed180000, 0x0000000100000000)
  eden space 188928K, 0% used [0x00000000e0000000,0x00000000e0000000,0x00000000eb880000)
  from space 11264K, 77% used [0x00000000ec680000,0x00000000ecf06f70,0x00000000ed180000)
  to   space 12800K, 0% used [0x00000000eb880000,0x00000000eb880000,0x00000000ec500000)
 ParOldGen       total 32256K, used 12537K [0x00000000a0000000, 0x00000000a1f80000, 0x00000000e0000000)
  object space 32256K, 38% used [0x00000000a0000000,0x00000000a0c3e778,0x00000000a1f80000)
 Metaspace       used 34596K, capacity 35462K, committed 35496K, reserved 1079296K
  class space    used 4754K, capacity 5034K, committed 5040K, reserved 1048576K

